TN:
SF:src/App.jsx
FN:47,NotFound
FN:67,App
FNF:2
FNH:2
FNDA:2,NotFound
FNDA:17,App
DA:14,1
DA:17,1
DA:19,1
DA:21,1
DA:23,1
DA:25,1
DA:28,1
DA:30,1
DA:32,1
DA:34,1
DA:36,1
DA:38,1
DA:40,1
DA:42,1
DA:44,1
DA:47,2
DA:49,2
DA:50,2
DA:52,2
DA:54,2
DA:56,2
DA:57,2
DA:58,2
DA:59,2
DA:61,2
DA:62,2
DA:64,2
DA:67,17
DA:69,17
DA:70,17
DA:72,17
DA:74,17
DA:77,17
DA:79,17
DA:82,17
DA:84,17
DA:86,17
DA:90,17
DA:92,17
DA:94,17
DA:95,17
DA:96,17
DA:99,17
DA:101,17
DA:103,17
DA:105,17
DA:106,17
DA:107,17
DA:108,17
DA:110,17
DA:111,17
DA:112,17
DA:115,17
DA:117,17
DA:119,17
DA:120,17
DA:121,17
DA:122,17
DA:124,17
DA:125,17
DA:126,17
DA:127,17
DA:128,17
DA:129,17
DA:133,17
DA:135,17
DA:136,17
DA:137,17
DA:140,17
DA:141,17
DA:142,17
DA:144,17
DA:147,1
LF:73
LH:73
BRDA:47,0,0,2
BRDA:67,1,0,17
BRF:2
BRH:2
end_of_record
TN:
SF:src/components/admin/AdminDashboard.jsx
FN:9,formatDate
FN:13,AdminDashboard
FN:22,load
FN:38,countByStatus
FN:54,changeFilter
FN:55,resetFilters
FN:81,onChange
FN:91,onChange
FN:102,onChange
FN:150,onClick
FNF:10
FNH:7
FNDA:32,formatDate
FNDA:26,AdminDashboard
FNDA:12,load
FNDA:56,countByStatus
FNDA:2,changeFilter
FNDA:1,resetFilters
FNDA:0,onChange
FNDA:0,onChange
FNDA:2,onChange
FNDA:0,onClick
DA:1,1
DA:2,1
DA:3,1
DA:4,1
DA:5,1
DA:7,1
DA:9,32
DA:10,32
DA:11,32
DA:13,26
DA:14,26
DA:15,26
DA:16,26
DA:17,26
DA:18,26
DA:19,26
DA:21,26
DA:22,12
DA:23,12
DA:24,12
DA:26,12
DA:27,12
DA:28,12
DA:29,1
DA:30,1
DA:31,12
DA:32,11
DA:33,11
DA:34,12
DA:35,12
DA:36,26
DA:38,26
DA:41,26
DA:42,36
DA:43,36
DA:44,36
DA:45,36
DA:46,36
DA:47,26
DA:49,26
DA:50,26
DA:51,26
DA:52,26
DA:54,26
DA:55,26
DA:57,26
DA:58,12
DA:59,12
DA:60,12
DA:63,14
DA:64,14
DA:65,14
DA:66,14
DA:67,14
DA:68,14
DA:70,14
DA:71,14
DA:72,14
DA:73,14
DA:74,14
DA:75,14
DA:77,14
DA:78,14
DA:79,14
DA:80,14
DA:81,14
DA:82,14
DA:83,14
DA:84,14
DA:85,14
DA:86,14
DA:87,14
DA:88,14
DA:89,14
DA:90,14
DA:91,14
DA:92,14
DA:93,14
DA:94,14
DA:95,14
DA:96,14
DA:97,14
DA:98,14
DA:99,14
DA:100,14
DA:101,14
DA:102,14
DA:103,14
DA:104,14
DA:105,14
DA:106,14
DA:108,14
DA:109,14
DA:111,14
DA:112,14
DA:113,14
DA:114,14
DA:115,14
DA:116,14
DA:117,14
DA:118,14
DA:119,14
DA:120,14
DA:121,14
DA:122,14
DA:123,14
DA:124,14
DA:125,2
DA:126,12
DA:127,32
DA:128,32
DA:129,32
DA:130,32
DA:131,32
DA:132,32
DA:133,32
DA:134,32
DA:135,10
DA:137,22
DA:139,32
DA:140,32
DA:141,12
DA:142,26
DA:143,26
DA:144,26
DA:146,26
DA:147,26
DA:148,26
DA:149,26
DA:150,14
DA:151,14
DA:152,14
DA:153,14
DA:154,26
DA:155,26
DA:156,26
DA:157,26
DA:158,26
DA:160,26
LF:139
LH:139
BRDA:9,0,0,32
BRDA:13,1,0,26
BRDA:57,2,0,12
BRDA:60,3,0,14
BRDA:124,4,0,2
BRDA:125,5,0,12
BRDA:21,6,0,12
BRDA:22,7,0,12
BRDA:24,8,0,10
BRDA:26,9,0,9
BRDA:26,10,0,1
BRDA:26,11,0,0
BRDA:28,12,0,1
BRDA:31,13,0,11
BRDA:38,14,0,56
BRDA:38,15,0,144
BRDA:41,16,0,36
BRDA:42,17,0,0
BRDA:43,18,0,0
BRDA:44,19,0,0
BRDA:54,20,0,2
BRDA:55,21,0,1
BRDA:102,22,0,2
BRDA:126,23,0,32
BRDA:129,24,0,0
BRDA:130,25,0,0
BRDA:134,26,0,10
BRDA:135,27,0,22
BRDA:149,28,0,14
BRDA:149,29,0,14
BRDA:152,30,0,0
BRF:31
BRH:24
end_of_record
TN:
SF:src/components/audit/AuditRequestForm.jsx
FN:9,AuditRequestForm
FN:20,load
FN:27,handleChange
FN:32,handleSelectPack
FN:36,validate
FN:47,handleSubmit
FNF:6
FNH:6
FNDA:60,AuditRequestForm
FNDA:19,load
FNDA:3,handleChange
FNDA:6,handleSelectPack
FNDA:8,validate
FNDA:8,handleSubmit
DA:1,1
DA:2,1
DA:3,1
DA:4,1
DA:5,1
DA:6,1
DA:7,1
DA:9,60
DA:10,60
DA:11,60
DA:13,60
DA:14,60
DA:15,60
DA:16,60
DA:19,60
DA:20,19
DA:21,19
DA:22,19
DA:23,19
DA:24,19
DA:25,60
DA:27,60
DA:28,3
DA:29,3
DA:30,3
DA:32,60
DA:33,6
DA:34,6
DA:36,60
DA:37,8
DA:38,8
DA:39,7
DA:40,8
DA:41,8
DA:42,8
DA:43,8
DA:44,8
DA:47,60
DA:48,8
DA:49,8
DA:50,8
DA:51,6
DA:52,6
DA:54,6
DA:56,6
DA:57,6
DA:58,6
DA:59,6
DA:62,5
DA:64,5
DA:65,5
DA:66,5
DA:67,5
DA:68,5
DA:69,8
DA:70,8
DA:71,8
DA:72,8
DA:73,8
DA:74,8
DA:75,8
DA:77,8
DA:78,8
DA:79,1
DA:80,8
DA:81,6
DA:82,6
DA:83,8
DA:85,60
DA:86,60
DA:88,60
DA:89,60
DA:90,60
DA:91,60
DA:92,60
DA:93,60
DA:94,60
DA:97,60
DA:98,60
DA:99,60
DA:100,60
DA:101,60
DA:102,60
DA:103,60
DA:106,60
DA:107,60
DA:108,60
DA:109,60
DA:112,60
DA:113,60
DA:114,60
DA:115,60
DA:116,60
DA:117,60
DA:119,60
DA:121,60
DA:122,60
DA:123,60
DA:124,60
DA:125,60
DA:127,60
LF:101
LH:101
BRDA:9,0,0,60
BRDA:93,1,0,1
BRDA:102,2,0,0
BRDA:108,3,0,2
BRDA:119,4,0,1
BRDA:123,5,0,6
BRDA:123,6,0,54
BRDA:19,7,0,19
BRDA:20,8,0,19
BRDA:22,9,0,18
BRDA:22,10,0,1
BRDA:22,11,0,0
BRDA:27,12,0,3
BRDA:29,13,0,3
BRDA:32,14,0,6
BRDA:33,15,0,6
BRDA:36,16,0,8
BRDA:38,17,0,1
BRDA:38,18,0,7
BRDA:39,19,0,0
BRDA:40,20,0,0
BRDA:41,21,0,0
BRDA:42,22,0,2
BRDA:47,23,0,8
BRDA:50,24,0,2
BRDA:50,25,0,6
BRDA:59,26,0,5
BRDA:69,27,0,4
BRDA:69,28,0,1
BRDA:70,29,0,4
BRDA:70,30,0,1
BRDA:71,31,0,4
BRDA:71,32,0,1
BRDA:72,33,0,4
BRDA:72,34,0,1
BRDA:78,35,0,1
BRDA:80,36,0,6
BRF:37
BRH:32
end_of_record
TN:
SF:src/components/audit/PackSelector.jsx
FN:12,PackSelector
FN:46,onChange
FNF:2
FNH:2
FNDA:10,PackSelector
FNDA:2,onChange
DA:12,10
DA:14,10
DA:15,10
DA:18,10
DA:20,10
DA:22,10
DA:24,10
DA:26,10
DA:28,10
DA:30,10
DA:31,18
DA:32,18
DA:34,18
DA:35,18
DA:36,4
DA:37,14
DA:38,18
DA:41,18
DA:42,18
DA:43,18
DA:44,18
DA:45,18
DA:46,18
DA:47,18
DA:48,18
DA:50,18
DA:51,18
DA:52,10
DA:53,10
DA:54,10
DA:57,10
DA:59,10
DA:62,10
DA:63,6
DA:65,6
DA:68,4
DA:70,4
DA:71,4
DA:72,4
DA:73,4
DA:75,4
DA:76,4
DA:77,4
DA:78,4
DA:80,4
DA:81,4
DA:82,4
DA:83,4
DA:85,4
DA:86,4
DA:87,4
DA:88,4
DA:90,4
DA:91,4
DA:92,4
DA:93,4
DA:94,4
DA:95,4
DA:96,4
DA:98,10
DA:99,10
DA:101,10
LF:62
LH:62
BRDA:12,0,0,10
BRDA:15,1,0,6
BRDA:62,2,0,6
BRDA:65,3,0,4
BRDA:15,4,0,15
BRDA:30,5,0,18
BRDA:35,6,0,4
BRDA:36,7,0,14
BRDA:46,8,0,2
BRF:9
BRH:9
end_of_record
TN:
SF:src/components/auth/LoginForm.jsx
FN:19,LoginForm
FN:39,handleChange
FN:47,handleSubmit
FN:130,onClick
FNF:4
FNH:4
FNDA:24,LoginForm
FNDA:7,handleChange
FNDA:4,handleSubmit
FNDA:2,onClick
DA:8,1
DA:10,1
DA:12,1
DA:14,1
DA:16,1
DA:19,24
DA:21,24
DA:23,24
DA:26,24
DA:28,24
DA:30,24
DA:32,24
DA:34,24
DA:36,24
DA:39,24
DA:41,7
DA:43,7
DA:44,7
DA:47,24
DA:49,4
DA:51,4
DA:52,4
DA:55,4
DA:57,4
DA:58,1
DA:59,1
DA:60,1
DA:62,3
DA:65,3
DA:67,3
DA:69,3
DA:72,2
DA:73,4
DA:75,1
DA:76,4
DA:78,3
DA:79,3
DA:80,4
DA:82,24
DA:84,24
DA:86,24
DA:88,24
DA:90,24
DA:92,24
DA:93,24
DA:94,24
DA:95,24
DA:96,24
DA:97,24
DA:98,24
DA:99,24
DA:100,24
DA:101,24
DA:103,24
DA:104,1
DA:106,24
DA:109,24
DA:111,24
DA:113,24
DA:115,24
DA:117,24
DA:118,24
DA:119,24
DA:120,24
DA:121,24
DA:122,24
DA:123,24
DA:124,24
DA:125,24
DA:126,24
DA:128,24
DA:129,24
DA:130,24
DA:131,24
DA:132,24
DA:135,24
DA:136,24
DA:137,24
DA:139,24
DA:140,1
DA:142,24
DA:147,24
DA:148,0
DA:149,0
DA:150,0
DA:154,24
DA:155,1
DA:156,1
DA:157,1
DA:161,24
DA:162,24
DA:163,24
DA:164,24
DA:167,24
DA:168,24
DA:169,24
DA:171,24
LF:97
LH:94
BRDA:19,0,0,24
BRDA:103,1,0,1
BRDA:120,2,0,1
BRDA:120,3,0,23
BRDA:132,4,0,1
BRDA:132,5,0,23
BRDA:135,6,0,1
BRDA:135,7,0,23
BRDA:139,8,0,1
BRDA:147,9,0,0
BRDA:154,10,0,1
BRDA:167,11,0,3
BRDA:167,12,0,21
BRDA:39,13,0,7
BRDA:43,14,0,7
BRDA:47,15,0,4
BRDA:57,16,0,1
BRDA:60,17,0,3
BRDA:69,18,0,2
BRDA:73,19,0,1
BRDA:76,20,0,3
BRDA:130,21,0,2
BRDA:130,22,0,2
BRF:23
BRH:22
end_of_record
TN:
SF:src/components/auth/ProtectedRoute.jsx
FN:19,ProtectedRoute
FNF:1
FNH:1
FNDA:15,ProtectedRoute
DA:13,1
DA:15,1
DA:19,15
DA:21,15
DA:23,15
DA:27,15
DA:28,1
DA:29,1
DA:31,1
DA:33,1
DA:37,15
DA:38,2
DA:39,2
DA:43,15
DA:45,2
DA:46,2
DA:49,10
DA:50,10
LF:18
LH:18
BRDA:19,0,0,15
BRDA:27,1,0,1
BRDA:33,2,0,14
BRDA:37,3,0,2
BRDA:39,4,0,14
BRDA:39,5,0,12
BRDA:43,6,0,11
BRDA:43,7,0,2
BRDA:46,8,0,10
BRF:9
BRH:9
end_of_record
TN:
SF:src/components/auth/RegisterForm.jsx
FN:19,RegisterForm
FN:43,handleChange
FN:51,handleSubmit
FN:177,onClick
FNF:4
FNH:4
FNDA:33,RegisterForm
FNDA:16,handleChange
FNDA:4,handleSubmit
FNDA:2,onClick
DA:8,1
DA:10,1
DA:12,1
DA:14,1
DA:16,1
DA:19,33
DA:21,33
DA:23,33
DA:26,33
DA:27,33
DA:28,33
DA:29,33
DA:30,33
DA:31,33
DA:32,33
DA:34,33
DA:36,33
DA:38,33
DA:40,33
DA:43,33
DA:45,16
DA:47,16
DA:48,16
DA:51,33
DA:53,4
DA:55,4
DA:58,4
DA:60,4
DA:61,1
DA:62,1
DA:63,1
DA:65,3
DA:68,3
DA:70,3
DA:72,3
DA:74,2
DA:75,4
DA:77,1
DA:78,4
DA:80,3
DA:81,3
DA:82,4
DA:86,33
DA:87,33
DA:88,33
DA:89,33
DA:90,33
DA:93,33
DA:97,33
DA:99,33
DA:101,99
DA:103,99
DA:104,99
DA:105,99
DA:107,99
DA:108,99
DA:110,99
DA:111,99
DA:112,99
DA:113,99
DA:114,99
DA:115,99
DA:116,99
DA:117,99
DA:118,99
DA:119,99
DA:121,99
DA:122,3
DA:123,3
DA:124,3
DA:126,99
DA:127,33
DA:130,33
DA:132,33
DA:134,33
DA:136,33
DA:137,33
DA:138,33
DA:139,33
DA:140,33
DA:141,33
DA:142,33
DA:143,33
DA:144,33
DA:145,33
DA:147,33
DA:148,1
DA:150,33
DA:153,33
DA:155,33
DA:156,33
DA:157,33
DA:158,33
DA:160,33
DA:162,33
DA:164,33
DA:165,33
DA:166,33
DA:167,33
DA:168,33
DA:169,33
DA:170,33
DA:171,33
DA:172,33
DA:173,33
DA:175,33
DA:176,33
DA:177,33
DA:178,33
DA:179,33
DA:182,33
DA:183,33
DA:184,33
DA:186,33
DA:187,1
DA:190,32
DA:192,32
DA:194,33
DA:197,33
DA:198,1
DA:199,1
DA:200,1
DA:204,33
DA:205,33
DA:206,33
DA:207,33
DA:210,33
DA:211,33
DA:212,33
DA:214,33
LF:130
LH:130
BRDA:19,0,0,33
BRDA:147,1,0,1
BRDA:167,2,0,1
BRDA:167,3,0,32
BRDA:179,4,0,1
BRDA:179,5,0,32
BRDA:182,6,0,1
BRDA:182,7,0,32
BRDA:186,8,0,1
BRDA:187,9,0,32
BRDA:197,10,0,1
BRDA:210,11,0,3
BRDA:210,12,0,30
BRDA:43,13,0,16
BRDA:47,14,0,16
BRDA:51,15,0,4
BRDA:60,16,0,1
BRDA:63,17,0,3
BRDA:72,18,0,2
BRDA:75,19,0,1
BRDA:78,20,0,3
BRDA:99,21,0,99
BRDA:121,22,0,3
BRDA:177,23,0,2
BRDA:177,24,0,2
BRF:25
BRH:25
end_of_record
TN:
SF:src/components/dashboard/ClientDashboard.jsx
FN:13,formatDate
FN:17,timeAgo
FN:25,ClientDashboard
FN:56,handleDownload
FN:62,validateStatus
FN:138,onChange
FN:146,onChange
FN:180,onClick
FNF:8
FNH:5
FNDA:36,formatDate
FNDA:2,timeAgo
FNDA:35,ClientDashboard
FNDA:5,handleDownload
FNDA:0,validateStatus
FNDA:0,onChange
FNDA:0,onChange
FNDA:5,onClick
DA:1,1
DA:2,1
DA:3,1
DA:4,1
DA:5,1
DA:9,1
DA:10,1
DA:11,1
DA:13,36
DA:14,36
DA:15,36
DA:17,2
DA:18,2
DA:19,2
DA:20,2
DA:21,2
DA:22,2
DA:23,2
DA:25,35
DA:26,35
DA:27,35
DA:28,35
DA:29,35
DA:30,35
DA:31,35
DA:32,35
DA:33,35
DA:34,35
DA:36,35
DA:37,13
DA:38,13
DA:39,13
DA:40,13
DA:41,13
DA:42,13
DA:43,13
DA:44,13
DA:45,13
DA:46,13
DA:47,1
DA:48,13
DA:49,12
DA:50,12
DA:51,35
DA:54,35
DA:56,35
DA:57,5
DA:58,5
DA:59,5
DA:60,5
DA:61,5
DA:62,5
DA:63,5
DA:64,5
DA:65,1
DA:66,1
DA:67,1
DA:68,5
DA:69,1
DA:70,1
DA:71,1
DA:72,5
DA:73,1
DA:74,1
DA:75,1
DA:76,1
DA:77,1
DA:78,1
DA:79,1
DA:80,1
DA:81,1
DA:82,1
DA:83,5
DA:84,5
DA:85,5
DA:86,5
DA:88,35
DA:89,36
DA:90,36
DA:91,36
DA:92,35
DA:94,35
DA:95,35
DA:97,35
DA:98,13
DA:99,13
DA:100,13
DA:101,13
DA:102,13
DA:103,13
DA:106,22
DA:107,22
DA:108,22
DA:109,22
DA:110,22
DA:111,22
DA:112,22
DA:113,22
DA:115,22
DA:116,1
DA:117,1
DA:118,1
DA:120,1
DA:121,1
DA:124,35
DA:125,4
DA:128,35
DA:129,35
DA:130,35
DA:131,35
DA:132,35
DA:134,35
DA:135,35
DA:136,35
DA:137,35
DA:138,35
DA:139,35
DA:140,35
DA:141,35
DA:142,35
DA:143,35
DA:144,35
DA:145,35
DA:146,35
DA:147,35
DA:148,35
DA:149,35
DA:150,35
DA:151,35
DA:152,35
DA:153,35
DA:154,35
DA:156,35
DA:157,35
DA:158,35
DA:159,35
DA:160,35
DA:161,35
DA:162,35
DA:163,35
DA:164,35
DA:165,35
DA:166,35
DA:167,35
DA:168,35
DA:169,4
DA:171,18
DA:172,36
DA:173,36
DA:174,36
DA:175,36
DA:176,36
DA:177,36
DA:178,36
DA:179,18
DA:180,18
DA:181,18
DA:182,18
DA:183,18
DA:185,18
DA:186,18
DA:188,18
DA:190,36
DA:191,36
DA:192,18
DA:194,35
DA:195,35
DA:196,35
DA:197,35
DA:199,35
DA:200,35
DA:201,35
DA:202,20
DA:204,2
DA:205,2
DA:206,2
DA:207,2
DA:208,2
DA:209,2
DA:210,2
DA:212,35
DA:213,35
DA:215,35
LF:183
LH:183
BRDA:13,0,0,36
BRDA:17,1,0,2
BRDA:20,2,0,0
BRDA:21,3,0,0
BRDA:25,4,0,35
BRDA:97,5,0,13
BRDA:103,6,0,22
BRDA:115,7,0,1
BRDA:124,8,0,4
BRDA:168,9,0,4
BRDA:169,10,0,18
BRDA:201,11,0,20
BRDA:202,12,0,2
BRDA:36,13,0,13
BRDA:43,14,0,11
BRDA:44,15,0,0
BRDA:45,16,0,11
BRDA:45,17,0,0
BRDA:46,18,0,1
BRDA:48,19,0,12
BRDA:54,20,0,13
BRDA:56,21,0,5
BRDA:63,22,0,4
BRDA:64,23,0,1
BRDA:67,24,0,3
BRDA:68,25,0,1
BRDA:71,26,0,2
BRDA:72,27,0,1
BRDA:83,28,0,2
BRDA:88,29,0,36
BRDA:89,30,0,0
BRDA:90,31,0,0
BRDA:94,32,0,36
BRDA:94,33,0,18
BRDA:95,34,0,36
BRDA:171,35,0,36
BRDA:174,36,0,0
BRDA:178,37,0,18
BRDA:182,38,0,5
BRDA:182,39,0,13
BRDA:183,40,0,18
BRDA:180,41,0,5
BRDA:205,42,0,2
BRF:43
BRH:36
end_of_record
TN:
SF:src/components/dashboard/StatCard.jsx
FN:11,StatCard
FNF:1
FNH:1
FNDA:125,StatCard
DA:11,125
DA:13,125
DA:15,125
DA:17,125
DA:19,125
DA:20,125
DA:22,125
LF:7
LH:7
BRDA:11,0,0,125
BRF:1
BRH:1
end_of_record
TN:
SF:src/components/dashboard/StatusBadge.jsx
FN:36,StatusBadge
FNF:1
FNH:1
FNDA:98,StatusBadge
DA:5,1
DA:6,1
DA:7,1
DA:8,1
DA:9,1
DA:10,1
DA:11,1
DA:12,1
DA:13,1
DA:14,1
DA:15,1
DA:16,1
DA:17,1
DA:18,1
DA:19,1
DA:20,1
DA:21,1
DA:22,1
DA:23,1
DA:24,1
DA:25,1
DA:26,1
DA:27,1
DA:28,1
DA:29,1
DA:30,1
DA:31,1
DA:32,1
DA:33,1
DA:34,1
DA:36,98
DA:37,98
DA:38,98
DA:39,98
DA:40,98
DA:42,98
DA:43,98
DA:44,98
DA:46,98
LF:39
LH:39
BRDA:36,0,0,98
BRDA:37,1,0,1
BRF:2
BRH:2
end_of_record
TN:
SF:src/components/shared/ErrorBoundary.jsx
FN:17,ErrorBoundary
FN:26,getDerivedStateFromError
FN:32,componentDidCatch
FN:39,render
FN:56,onClick
FNF:5
FNH:5
FNDA:29,ErrorBoundary
FNDA:10,getDerivedStateFromError
FNDA:5,componentDidCatch
FNDA:38,render
FNDA:1,onClick
DA:12,1
DA:15,1
DA:17,1
DA:19,29
DA:21,29
DA:22,29
DA:26,1
DA:28,10
DA:29,10
DA:32,1
DA:35,5
DA:36,5
DA:39,1
DA:41,38
DA:42,10
DA:44,10
DA:46,10
DA:48,10
DA:50,10
DA:52,10
DA:54,10
DA:55,10
DA:56,10
DA:57,10
DA:58,10
DA:60,10
DA:61,10
DA:63,10
DA:66,28
DA:67,38
DA:68,1
LF:31
LH:31
BRDA:17,0,0,29
BRDA:26,1,0,10
BRDA:32,2,0,5
BRDA:39,3,0,38
BRDA:41,4,0,10
BRDA:63,5,0,28
BRDA:56,6,0,1
BRF:7
BRH:7
end_of_record
TN:
SF:src/components/shared/Footer.jsx
FN:7,Footer
FNF:1
FNH:1
FNDA:4,Footer
DA:5,1
DA:7,4
DA:9,4
DA:12,4
DA:14,4
DA:16,4
DA:17,4
DA:18,4
DA:19,4
DA:21,4
LF:10
LH:10
BRDA:7,0,0,4
BRF:1
BRH:1
end_of_record
TN:
SF:src/components/shared/Header.jsx
FN:17,Header
FN:24,handleSignOut
FNF:2
FNH:2
FNDA:7,Header
FNDA:1,handleSignOut
DA:10,1
DA:12,1
DA:14,1
DA:17,7
DA:19,7
DA:21,7
DA:24,7
DA:26,1
DA:28,1
DA:29,1
DA:32,7
DA:34,7
DA:36,7
DA:37,7
DA:39,7
DA:40,7
DA:42,7
DA:43,7
DA:44,7
DA:45,2
DA:47,2
DA:49,5
DA:51,7
DA:52,7
DA:53,7
DA:55,7
LF:26
LH:26
BRDA:17,0,0,7
BRDA:44,1,0,2
BRDA:47,2,0,5
BRDA:24,3,0,1
BRF:4
BRH:4
end_of_record
TN:
SF:src/components/shared/Logo.jsx
FN:19,Logo
FN:52,onError
FNF:2
FNH:2
FNDA:15,Logo
FNDA:2,onError
DA:14,1
DA:16,1
DA:19,15
DA:21,15
DA:25,15
DA:26,2
DA:27,2
DA:29,2
DA:31,2
DA:33,2
DA:36,2
DA:37,2
DA:39,2
DA:42,13
DA:43,13
DA:44,13
DA:45,13
DA:46,13
DA:47,13
DA:49,13
DA:50,13
DA:51,13
DA:52,13
DA:53,13
DA:54,13
DA:55,13
DA:56,13
DA:57,13
DA:58,13
DA:60,13
LF:30
LH:30
BRDA:19,0,0,15
BRDA:25,1,0,2
BRDA:39,2,0,13
BRDA:52,3,0,2
BRF:4
BRH:4
end_of_record
TN:
SF:src/components/shared/PortalLayout.jsx
FN:14,PortalLayout
FNF:1
FNH:1
FNDA:11,PortalLayout
DA:9,1
DA:11,1
DA:14,11
DA:16,11
DA:18,11
DA:20,11
DA:22,11
DA:24,11
DA:26,11
DA:27,11
DA:28,11
DA:29,11
DA:31,11
LF:13
LH:13
BRDA:14,0,0,11
BRF:1
BRH:1
end_of_record
TN:
SF:src/components/shared/Sidebar.jsx
FN:28,Sidebar
FN:59,className
FNF:2
FNH:2
FNDA:19,Sidebar
FNDA:47,className
DA:9,1
DA:11,1
DA:13,1
DA:16,1
DA:17,1
DA:18,1
DA:19,1
DA:20,1
DA:23,1
DA:24,1
DA:25,1
DA:28,19
DA:30,19
DA:32,19
DA:34,19
DA:37,19
DA:39,19
DA:41,19
DA:42,19
DA:43,19
DA:46,19
DA:48,19
DA:50,47
DA:52,47
DA:54,47
DA:55,47
DA:56,47
DA:58,47
DA:59,47
DA:61,47
DA:62,47
DA:63,8
DA:64,39
DA:65,47
DA:69,47
DA:71,47
DA:72,47
DA:74,19
DA:75,19
DA:76,19
DA:78,19
LF:41
LH:41
BRDA:28,0,0,19
BRDA:32,1,0,18
BRDA:32,2,0,5
BRDA:32,3,0,14
BRDA:34,4,0,18
BRDA:34,5,0,5
BRDA:34,6,0,14
BRDA:48,7,0,47
BRDA:59,8,0,47
BRDA:62,9,0,8
BRDA:63,10,0,39
BRF:11
BRH:11
end_of_record
TN:
SF:src/context/AuthContext.jsx
FN:17,AuthProvider
FNF:1
FNH:1
FNDA:21,AuthProvider
DA:12,1
DA:13,1
DA:15,1
DA:17,1
DA:19,21
DA:21,21
DA:23,21
DA:27,21
DA:28,9
DA:29,9
DA:30,5
DA:31,5
DA:32,5
DA:33,9
DA:34,21
DA:38,21
DA:40,1
DA:41,1
DA:42,1
DA:43,1
DA:44,21
DA:48,21
DA:50,1
DA:51,1
DA:52,1
DA:53,1
DA:54,21
DA:58,21
DA:59,1
DA:60,1
DA:61,1
DA:62,21
DA:66,21
DA:67,21
DA:68,21
DA:69,21
DA:71,21
DA:72,21
DA:73,21
DA:74,21
DA:75,21
DA:76,21
DA:77,21
DA:78,21
DA:79,21
DA:80,21
DA:82,21
DA:83,21
LF:48
LH:48
BRDA:17,0,0,21
BRDA:27,1,0,9
BRDA:29,2,0,5
BRDA:38,3,0,1
BRDA:48,4,0,1
BRDA:58,5,0,1
BRDA:67,6,0,12
BRDA:67,7,0,4
BRF:8
BRH:8
end_of_record
TN:
SF:src/hooks/useAuth.js
FN:13,useAuth
FNF:1
FNH:1
FNDA:239,useAuth
DA:1,1
DA:2,1
DA:3,1
DA:4,1
DA:5,1
DA:6,1
DA:7,1
DA:8,1
DA:9,1
DA:10,1
DA:11,1
DA:12,1
DA:13,1
DA:14,239
DA:15,239
DA:16,239
DA:17,239
DA:18,239
DA:19,239
DA:20,2
DA:21,2
DA:22,237
DA:23,237
DA:24,237
DA:25,237
LF:25
LH:25
BRDA:13,0,0,239
BRDA:19,1,0,2
BRDA:21,2,0,237
BRF:3
BRH:3
end_of_record
TN:
SF:src/pages/AdminRequestDetailPage.jsx
FN:14,formatDateTime
FN:19,AdminRequestDetailPage
FN:66,handleSave
FN:77,handleSendNotification
FN:90,handleArchive
FN:125,onChange
FN:134,onChange
FN:140,onChange
FN:157,onClick
FNF:9
FNH:6
FNDA:66,formatDateTime
FNDA:38,AdminRequestDetailPage
FNDA:2,handleSave
FNDA:1,handleSendNotification
FNDA:1,handleArchive
FNDA:0,onChange
FNDA:0,onChange
FNDA:0,onChange
FNDA:2,onClick
DA:1,1
DA:2,1
DA:3,1
DA:4,1
DA:5,1
DA:9,1
DA:10,1
DA:12,1
DA:14,66
DA:15,66
DA:16,66
DA:17,66
DA:19,38
DA:20,38
DA:21,38
DA:22,38
DA:24,38
DA:25,38
DA:26,38
DA:27,38
DA:28,38
DA:29,38
DA:30,38
DA:32,38
DA:33,18
DA:34,18
DA:35,17
DA:36,18
DA:37,16
DA:38,16
DA:39,16
DA:40,16
DA:41,17
DA:42,38
DA:45,38
DA:47,38
DA:48,15
DA:49,15
DA:50,15
DA:53,23
DA:54,1
DA:55,1
DA:56,1
DA:58,1
DA:59,1
DA:63,38
DA:64,38
DA:66,38
DA:67,2
DA:68,2
DA:69,2
DA:70,2
DA:71,2
DA:72,2
DA:73,2
DA:74,2
DA:77,38
DA:78,1
DA:79,1
DA:80,1
DA:81,1
DA:82,1
DA:83,1
DA:84,1
DA:85,1
DA:86,1
DA:87,1
DA:88,1
DA:90,38
DA:91,1
DA:92,1
DA:93,1
DA:94,1
DA:96,38
DA:97,38
DA:98,38
DA:99,38
DA:100,38
DA:102,38
DA:103,38
DA:105,38
DA:107,38
DA:109,38
DA:110,38
DA:111,38
DA:112,38
DA:113,38
DA:114,38
DA:115,38
DA:116,38
DA:117,38
DA:118,38
DA:119,38
DA:122,38
DA:123,38
DA:124,38
DA:125,38
DA:126,38
DA:127,38
DA:128,38
DA:129,38
DA:130,38
DA:131,38
DA:132,38
DA:133,38
DA:134,38
DA:135,38
DA:136,38
DA:137,38
DA:138,38
DA:139,38
DA:140,38
DA:141,38
DA:142,38
DA:143,38
DA:144,38
DA:145,38
DA:146,38
DA:147,38
DA:148,38
DA:149,38
DA:151,38
DA:152,38
DA:153,38
DA:154,38
DA:155,38
DA:156,38
DA:157,38
DA:158,2
DA:159,2
DA:160,2
DA:161,1
DA:162,1
DA:163,1
DA:164,1
DA:165,2
DA:166,38
DA:168,38
DA:169,38
DA:170,38
DA:172,38
DA:173,38
DA:174,38
DA:176,38
DA:177,38
DA:180,38
DA:181,38
DA:182,38
DA:183,38
DA:184,38
DA:185,38
DA:186,38
DA:187,38
DA:188,38
DA:189,38
DA:191,38
LF:156
LH:156
BRDA:14,0,0,66
BRDA:19,1,0,38
BRDA:47,2,0,15
BRDA:50,3,0,23
BRDA:53,4,0,1
BRDA:59,5,0,22
BRDA:63,6,0,0
BRDA:64,7,0,0
BRDA:105,8,0,7
BRDA:112,9,0,0
BRDA:114,10,0,0
BRDA:116,11,0,0
BRDA:117,12,0,0
BRDA:154,13,0,2
BRDA:154,14,0,20
BRDA:185,15,0,22
BRDA:186,16,0,0
BRDA:32,17,0,18
BRDA:34,18,0,17
BRDA:36,19,0,16
BRDA:38,20,0,0
BRDA:39,21,0,0
BRDA:40,22,0,17
BRDA:45,23,0,15
BRDA:66,24,0,2
BRDA:72,25,0,0
BRDA:77,26,0,1
BRDA:83,27,0,0
BRDA:86,28,0,0
BRDA:90,29,0,1
BRDA:136,30,0,110
BRDA:136,31,0,22
BRDA:136,32,0,22
BRDA:157,33,0,2
BRDA:160,34,0,1
BRF:35
BRH:23
end_of_record
TN:
SF:src/pages/ConfirmationPage.jsx
FN:7,formatDateTime
FN:12,ConfirmationPage
FN:18,load
FNF:3
FNH:3
FNDA:5,formatDateTime
FNDA:13,ConfirmationPage
FNDA:7,load
DA:1,1
DA:2,1
DA:3,1
DA:4,1
DA:5,1
DA:7,5
DA:8,5
DA:9,5
DA:10,5
DA:12,13
DA:13,13
DA:14,13
DA:15,13
DA:17,13
DA:18,7
DA:19,7
DA:20,6
DA:21,6
DA:22,7
DA:23,7
DA:24,13
DA:26,13
DA:27,7
DA:28,7
DA:29,7
DA:32,6
DA:33,1
DA:34,1
DA:35,1
DA:37,1
DA:38,1
DA:42,13
DA:43,13
DA:45,13
DA:46,13
DA:47,13
DA:48,13
DA:49,13
DA:50,13
DA:52,13
DA:53,13
DA:54,13
DA:55,13
DA:56,13
DA:57,13
DA:58,13
DA:59,13
DA:60,13
DA:61,13
DA:62,13
DA:63,13
DA:64,13
DA:65,13
DA:66,13
DA:67,13
DA:68,13
DA:69,13
DA:70,13
DA:71,5
DA:72,5
DA:73,5
DA:74,5
DA:75,5
DA:76,5
DA:78,13
DA:79,13
DA:80,13
DA:81,13
DA:82,13
DA:83,13
DA:84,13
DA:85,13
DA:86,13
DA:87,13
DA:88,13
DA:89,13
DA:90,13
DA:91,13
DA:92,13
DA:93,13
DA:94,13
DA:95,13
DA:97,13
DA:99,13
DA:101,13
DA:102,13
DA:104,13
DA:105,13
DA:107,13
DA:108,13
DA:109,13
DA:111,13
LF:92
LH:92
BRDA:7,0,0,5
BRDA:12,1,0,13
BRDA:26,2,0,7
BRDA:29,3,0,6
BRDA:32,4,0,1
BRDA:38,5,0,5
BRDA:42,6,0,0
BRDA:43,7,0,0
BRDA:64,8,0,0
BRDA:68,9,0,0
BRDA:70,10,0,5
BRDA:92,11,0,0
BRDA:17,12,0,7
BRDA:18,13,0,7
BRDA:19,14,0,6
BRF:15
BRH:10
end_of_record
TN:
SF:src/pages/DashboardPage.jsx
FN:16,DashboardPage
FNF:1
FNH:1
FNDA:2,DashboardPage
DA:9,1
DA:11,1
DA:13,1
DA:16,2
DA:18,2
DA:21,2
DA:22,1
DA:23,1
DA:26,1
DA:27,1
LF:10
LH:10
BRDA:16,0,0,2
BRDA:21,1,0,1
BRF:2
BRH:2
end_of_record
TN:
SF:src/pages/HomePage.jsx
FN:80,HomePage
FNF:1
FNH:1
FNDA:11,HomePage
DA:8,1
DA:10,1
DA:16,1
DA:17,1
DA:18,1
DA:19,1
DA:20,1
DA:21,1
DA:22,1
DA:23,1
DA:24,1
DA:25,1
DA:26,1
DA:27,1
DA:28,1
DA:29,1
DA:30,1
DA:31,1
DA:32,1
DA:33,1
DA:34,1
DA:35,1
DA:36,1
DA:37,1
DA:38,1
DA:39,1
DA:40,1
DA:41,1
DA:42,1
DA:43,1
DA:44,1
DA:45,1
DA:46,1
DA:47,1
DA:52,1
DA:53,1
DA:54,1
DA:55,1
DA:56,1
DA:57,1
DA:58,1
DA:59,1
DA:60,1
DA:61,1
DA:62,1
DA:63,1
DA:64,1
DA:65,1
DA:66,1
DA:67,1
DA:68,1
DA:69,1
DA:70,1
DA:71,1
DA:72,1
DA:73,1
DA:74,1
DA:75,1
DA:76,1
DA:77,1
DA:80,11
DA:82,11
DA:84,11
DA:86,11
DA:88,11
DA:90,11
DA:93,11
DA:95,11
DA:97,11
DA:99,11
DA:101,11
DA:103,11
DA:105,11
DA:107,11
DA:108,11
DA:109,11
DA:110,11
DA:111,11
DA:114,11
DA:116,11
DA:118,11
DA:122,11
DA:123,11
DA:126,11
DA:128,11
DA:130,11
DA:133,11
DA:135,11
DA:137,11
DA:138,11
DA:139,11
DA:140,11
DA:142,11
DA:144,11
DA:145,11
DA:146,11
DA:147,11
DA:149,11
DA:150,11
DA:151,11
DA:152,11
DA:155,11
DA:157,11
DA:160,44
DA:162,44
DA:164,44
DA:165,44
DA:166,44
DA:169,44
DA:171,44
DA:173,44
DA:174,44
DA:176,44
DA:178,44
DA:179,165
DA:180,44
DA:181,44
DA:182,44
DA:184,11
DA:185,11
DA:186,11
DA:189,11
DA:191,11
DA:193,11
DA:195,11
DA:197,11
DA:198,11
DA:200,11
DA:202,11
DA:204,11
DA:206,11
DA:207,11
DA:208,11
DA:210,11
DA:212,11
DA:214,44
DA:215,44
DA:216,44
DA:219,44
DA:220,44
DA:221,44
DA:223,44
DA:225,44
DA:227,44
DA:228,44
DA:229,44
DA:230,44
DA:231,11
DA:232,11
DA:233,11
DA:234,11
DA:235,11
DA:236,11
DA:237,11
DA:239,11
LF:155
LH:155
BRDA:80,0,0,11
BRDA:157,1,0,44
BRDA:178,2,0,165
BRDA:212,3,0,44
BRDA:216,4,0,22
BRDA:216,5,0,22
BRF:6
BRH:6
end_of_record
TN:
SF:src/pages/LoginPage.jsx
FN:16,LoginPage
FNF:1
FNH:1
FNDA:5,LoginPage
DA:9,1
DA:11,1
DA:13,1
DA:16,5
DA:18,5
DA:20,5
DA:22,5
DA:24,5
DA:26,5
DA:28,5
DA:29,5
DA:31,5
DA:33,5
DA:35,5
DA:36,5
DA:39,5
DA:41,5
DA:42,5
DA:45,5
DA:48,5
DA:50,5
DA:52,5
DA:53,5
DA:54,5
DA:55,5
DA:57,5
DA:58,5
DA:59,5
DA:60,5
DA:62,5
LF:30
LH:30
BRDA:16,0,0,5
BRF:1
BRH:1
end_of_record
TN:
SF:src/pages/NewAuditPage.jsx
FN:11,NewAuditPage
FNF:1
FNH:1
FNDA:2,NewAuditPage
DA:8,1
DA:11,2
DA:13,2
DA:15,2
DA:17,2
DA:19,2
DA:21,2
DA:22,2
DA:24,2
LF:9
LH:9
BRDA:11,0,0,2
BRF:1
BRH:1
end_of_record
TN:
SF:src/pages/RegisterPage.jsx
FN:16,RegisterPage
FNF:1
FNH:1
FNDA:5,RegisterPage
DA:9,1
DA:11,1
DA:13,1
DA:16,5
DA:18,5
DA:20,5
DA:22,5
DA:24,5
DA:26,5
DA:28,5
DA:29,5
DA:31,5
DA:33,5
DA:35,5
DA:37,5
DA:38,5
DA:41,5
DA:43,5
DA:44,5
DA:47,5
DA:50,5
DA:52,5
DA:54,5
DA:55,5
DA:56,5
DA:57,5
DA:59,5
DA:60,5
DA:61,5
DA:62,5
DA:64,5
LF:31
LH:31
BRDA:16,0,0,5
BRF:1
BRH:1
end_of_record
TN:
SF:src/pages/ReportViewerPage.jsx
FN:16,severityClasses
FN:24,scoreColor
FN:30,gradeColor
FN:36,getCurrentUser
FN:48,previewScore
FN:56,sanitize
FN:60,previewGrade
FN:66,ReportViewerPage
FN:98,tick
FN:108,load
FN:125,addFinding
FN:131,removeFinding
FN:133,handleGenerate
FN:153,handleDownloadPdf
FN:158,validateStatus
FN:260,onChange
FN:265,onChange
FN:277,onChange
FN:284,onChange
FN:291,onChange
FN:298,onChange
FN:341,onClick
FN:428,onClick
FNF:23
FNH:14
FNDA:35,severityClasses
FNDA:29,scoreColor
FNDA:29,gradeColor
FNDA:49,getCurrentUser
FNDA:29,previewScore
FNDA:36,sanitize
FNDA:29,previewGrade
FNDA:49,ReportViewerPage
FNDA:1,tick
FNDA:19,load
FNDA:2,addFinding
FNDA:0,removeFinding
FNDA:1,handleGenerate
FNDA:4,handleDownloadPdf
FNDA:0,validateStatus
FNDA:0,onChange
FNDA:0,onChange
FNDA:0,onChange
FNDA:1,onChange
FNDA:0,onChange
FNDA:0,onChange
FNDA:0,onClick
FNDA:0,onClick
DA:1,1
DA:2,1
DA:3,1
DA:9,1
DA:10,1
DA:12,1
DA:13,1
DA:16,35
DA:17,35
DA:18,35
DA:19,35
DA:20,18
DA:21,0
DA:22,0
DA:24,29
DA:25,29
DA:26,0
DA:27,0
DA:28,0
DA:30,29
DA:31,29
DA:32,18
DA:33,0
DA:34,0
DA:36,49
DA:37,49
DA:38,49
DA:39,49
DA:40,49
DA:41,0
DA:42,0
DA:43,49
DA:46,1
DA:47,1
DA:48,29
DA:49,29
DA:50,18
DA:51,18
DA:52,18
DA:53,18
DA:56,36
DA:57,36
DA:58,36
DA:60,29
DA:61,29
DA:62,0
DA:63,0
DA:66,49
DA:67,49
DA:68,49
DA:69,49
DA:70,49
DA:71,49
DA:72,49
DA:75,49
DA:76,49
DA:77,49
DA:78,49
DA:79,49
DA:80,49
DA:81,49
DA:83,49
DA:84,49
DA:88,49
DA:89,20
DA:90,1
DA:91,1
DA:92,1
DA:93,1
DA:94,1
DA:95,1
DA:96,1
DA:97,1
DA:98,1
DA:99,1
DA:100,1
DA:101,1
DA:102,1
DA:103,1
DA:104,1
DA:105,49
DA:107,49
DA:108,19
DA:109,19
DA:110,19
DA:111,19
DA:112,19
DA:113,19
DA:114,18
DA:115,18
DA:116,19
DA:117,19
DA:118,19
DA:119,19
DA:120,19
DA:121,19
DA:122,19
DA:123,49
DA:125,49
DA:126,2
DA:127,1
DA:128,1
DA:129,1
DA:130,2
DA:131,49
DA:133,49
DA:134,1
DA:135,1
DA:136,1
DA:137,1
DA:138,1
DA:139,1
DA:140,1
DA:141,1
DA:142,1
DA:143,1
DA:144,1
DA:145,1
DA:146,1
DA:147,1
DA:148,1
DA:149,0
DA:150,1
DA:151,1
DA:153,49
DA:154,4
DA:155,3
DA:156,3
DA:157,3
DA:158,3
DA:159,3
DA:160,4
DA:161,1
DA:162,1
DA:163,4
DA:164,1
DA:165,1
DA:166,1
DA:167,1
DA:168,1
DA:169,1
DA:170,1
DA:171,4
DA:172,3
DA:173,4
DA:175,49
DA:176,19
DA:177,19
DA:178,19
DA:181,49
DA:182,1
DA:183,1
DA:184,1
DA:186,1
DA:187,1
DA:190,29
DA:191,29
DA:193,29
DA:194,29
DA:196,29
DA:197,2
DA:198,2
DA:199,2
DA:200,2
DA:201,2
DA:202,2
DA:203,2
DA:204,2
DA:205,2
DA:206,2
DA:207,2
DA:208,2
DA:212,49
DA:213,49
DA:214,49
DA:215,49
DA:216,11
DA:218,11
DA:220,49
DA:221,49
DA:222,49
DA:224,49
DA:225,49
DA:226,18
DA:227,18
DA:228,18
DA:229,18
DA:231,49
DA:232,49
DA:234,49
DA:235,4
DA:238,49
DA:239,11
DA:241,11
DA:242,11
DA:243,11
DA:244,11
DA:245,11
DA:246,11
DA:247,11
DA:248,11
DA:249,11
DA:250,11
DA:251,11
DA:252,11
DA:253,11
DA:254,11
DA:257,11
DA:258,11
DA:259,11
DA:260,11
DA:261,11
DA:262,11
DA:263,11
DA:264,11
DA:265,11
DA:266,11
DA:267,11
DA:268,11
DA:269,11
DA:272,11
DA:273,11
DA:274,11
DA:275,11
DA:276,11
DA:277,11
DA:278,11
DA:279,11
DA:280,11
DA:281,11
DA:282,11
DA:283,11
DA:284,11
DA:285,11
DA:286,11
DA:287,11
DA:288,11
DA:289,11
DA:290,11
DA:291,11
DA:292,11
DA:293,11
DA:294,11
DA:295,11
DA:296,11
DA:297,11
DA:298,11
DA:299,11
DA:300,11
DA:301,11
DA:302,11
DA:303,11
DA:304,11
DA:305,11
DA:307,11
DA:308,11
DA:311,11
DA:312,11
DA:313,11
DA:314,11
DA:315,11
DA:316,10
DA:318,1
DA:319,1
DA:320,1
DA:321,1
DA:322,1
DA:323,1
DA:324,1
DA:325,1
DA:326,1
DA:327,1
DA:328,1
DA:329,1
DA:330,1
DA:331,1
DA:332,1
DA:333,1
DA:334,1
DA:335,1
DA:336,1
DA:337,1
DA:338,1
DA:339,1
DA:340,1
DA:341,1
DA:342,1
DA:344,1
DA:345,1
DA:346,1
DA:347,1
DA:348,1
DA:349,1
DA:350,1
DA:352,11
DA:355,11
DA:356,11
DA:357,11
DA:358,11
DA:359,11
DA:360,11
DA:361,11
DA:363,18
DA:365,18
DA:366,18
DA:367,18
DA:368,18
DA:369,18
DA:370,18
DA:371,18
DA:372,18
DA:373,18
DA:374,18
DA:375,18
DA:376,18
DA:377,18
DA:378,18
DA:379,18
DA:380,18
DA:383,18
DA:384,18
DA:385,18
DA:386,18
DA:389,18
DA:390,18
DA:391,18
DA:392,18
DA:393,18
DA:394,1
DA:396,17
DA:397,17
DA:398,17
DA:399,17
DA:400,17
DA:401,17
DA:402,17
DA:403,17
DA:404,17
DA:405,17
DA:406,17
DA:407,17
DA:408,34
DA:409,34
DA:410,34
DA:411,34
DA:412,34
DA:413,34
DA:414,34
DA:415,34
DA:416,34
DA:417,34
DA:418,17
DA:419,17
DA:420,17
DA:421,17
DA:423,18
DA:426,18
DA:427,1
DA:428,1
DA:429,1
DA:431,1
DA:432,1
DA:434,18
DA:436,49
DA:438,49
LF:365
LH:353
BRDA:16,0,0,35
BRDA:17,1,0,0
BRDA:18,2,0,0
BRDA:19,3,0,17
BRDA:19,4,0,18
BRDA:20,5,0,0
BRDA:24,6,0,29
BRDA:25,7,0,0
BRDA:30,8,0,29
BRDA:31,9,0,11
BRDA:31,10,0,18
BRDA:32,11,0,0
BRDA:36,12,0,49
BRDA:39,13,0,48
BRDA:39,14,0,1
BRDA:40,15,0,0
BRDA:48,16,0,29
BRDA:49,17,0,11
BRDA:49,18,0,18
BRDA:51,19,0,35
BRDA:51,20,0,0
BRDA:51,21,0,0
BRDA:56,22,0,36
BRDA:57,23,0,0
BRDA:60,24,0,29
BRDA:61,25,0,46
BRDA:61,26,0,29
BRDA:61,27,0,0
BRDA:66,28,0,49
BRDA:84,29,0,48
BRDA:175,30,0,19
BRDA:178,31,0,30
BRDA:181,32,0,12
BRDA:181,33,0,1
BRDA:187,34,0,29
BRDA:196,35,0,2
BRDA:203,36,0,1
BRDA:215,37,0,11
BRDA:225,38,0,18
BRDA:225,39,0,18
BRDA:228,40,0,3
BRDA:228,41,0,15
BRDA:234,42,0,4
BRDA:238,43,0,11
BRDA:315,44,0,10
BRDA:316,45,0,1
BRDA:358,46,0,2
BRDA:358,47,0,9
BRDA:361,48,0,18
BRDA:372,49,0,0
BRDA:385,50,0,0
BRDA:391,51,0,0
BRDA:393,52,0,1
BRDA:394,53,0,17
BRDA:426,54,0,1
BRDA:88,55,0,20
BRDA:89,56,0,19
BRDA:89,57,0,1
BRDA:98,58,0,1
BRDA:104,59,0,1
BRDA:107,60,0,19
BRDA:108,61,0,19
BRDA:113,62,0,18
BRDA:116,63,0,11
BRDA:116,64,0,7
BRDA:117,65,0,11
BRDA:117,66,0,7
BRDA:118,67,0,11
BRDA:118,68,0,11
BRDA:118,69,0,7
BRDA:119,70,0,7
BRDA:125,71,0,2
BRDA:126,72,0,1
BRDA:133,73,0,1
BRDA:134,74,0,0
BRDA:148,75,0,0
BRDA:153,76,0,4
BRDA:154,77,0,3
BRDA:154,78,0,1
BRDA:154,79,0,3
BRDA:160,80,0,1
BRDA:162,81,0,2
BRDA:163,82,0,1
BRDA:171,83,0,0
BRDA:171,84,0,1
BRDA:171,85,0,3
BRDA:279,86,0,44
BRDA:284,87,0,1
BRDA:330,88,0,1
BRDA:407,89,0,34
BRF:90
BRH:74
end_of_record
TN:
SF:src/pages/TrainingPage.jsx
FN:10,TrainingPage
FN:15,load
FN:23,handleAdvance
FN:30,buttonLabel
FN:76,onClick
FNF:5
FNH:5
FNDA:9,TrainingPage
FNDA:4,load
FNDA:1,handleAdvance
FNDA:15,buttonLabel
FNDA:1,onClick
DA:1,1
DA:2,1
DA:4,1
DA:5,1
DA:6,1
DA:7,1
DA:8,1
DA:10,9
DA:11,9
DA:12,9
DA:14,9
DA:15,4
DA:16,4
DA:17,4
DA:18,4
DA:19,4
DA:20,4
DA:21,9
DA:23,9
DA:24,1
DA:25,1
DA:26,1
DA:27,1
DA:28,1
DA:30,9
DA:31,15
DA:32,15
DA:33,4
DA:34,15
DA:36,9
DA:37,9
DA:38,9
DA:40,9
DA:41,4
DA:42,4
DA:43,4
DA:46,5
DA:47,5
DA:48,5
DA:49,5
DA:50,5
DA:52,5
DA:53,5
DA:55,5
DA:56,5
DA:57,5
DA:58,5
DA:59,5
DA:60,5
DA:61,5
DA:62,5
DA:63,5
DA:65,5
DA:66,5
DA:67,15
DA:68,15
DA:69,15
DA:70,15
DA:71,15
DA:72,15
DA:73,15
DA:74,15
DA:75,15
DA:76,15
DA:77,15
DA:78,15
DA:79,5
DA:80,10
DA:81,15
DA:82,15
DA:83,15
DA:84,15
DA:86,5
DA:87,5
DA:89,5
DA:91,5
DA:92,5
DA:94,5
LF:78
LH:78
BRDA:10,0,0,9
BRDA:38,1,0,5
BRDA:38,2,0,4
BRDA:40,3,0,4
BRDA:43,4,0,5
BRDA:14,5,0,4
BRDA:15,6,0,4
BRDA:17,7,0,0
BRDA:23,8,0,1
BRDA:24,9,0,0
BRDA:25,10,0,0
BRDA:27,11,0,0
BRDA:30,12,0,15
BRDA:31,13,0,5
BRDA:31,14,0,10
BRDA:32,15,0,6
BRDA:32,16,0,4
BRDA:36,17,0,15
BRDA:66,18,0,15
BRDA:67,19,0,0
BRDA:78,20,0,5
BRDA:79,21,0,10
BRDA:76,22,0,1
BRF:23
BRH:18
end_of_record
TN:
SF:src/services/api.js
FN:46,api.interceptors.response.use.original
FNF:1
FNH:1
FNDA:5,api.interceptors.response.use.original
DA:1,1
DA:2,1
DA:3,1
DA:4,1
DA:5,1
DA:6,1
DA:7,1
DA:8,1
DA:9,1
DA:10,1
DA:11,1
DA:12,1
DA:13,1
DA:14,1
DA:15,1
DA:16,1
DA:17,1
DA:18,1
DA:19,1
DA:20,1
DA:21,1
DA:22,1
DA:23,1
DA:24,1
DA:25,1
DA:26,8
DA:27,8
DA:28,8
DA:29,8
DA:30,8
DA:31,8
DA:32,8
DA:33,5
DA:34,5
DA:35,3
DA:36,3
DA:37,2
DA:38,2
DA:39,3
DA:40,5
DA:41,8
DA:42,1
DA:43,1
DA:44,1
DA:45,1
DA:46,1
DA:47,5
DA:48,5
DA:49,5
DA:50,5
DA:51,5
DA:52,5
DA:53,5
DA:54,1
DA:55,1
DA:56,5
DA:57,1
DA:58,1
DA:59,9
DA:60,9
DA:61,9
DA:62,9
DA:63,9
DA:64,9
DA:65,9
DA:66,9
DA:67,9
DA:68,9
DA:69,9
DA:70,4
DA:71,4
DA:72,4
DA:73,4
DA:74,4
DA:75,3
DA:76,3
DA:77,4
DA:78,2
DA:79,2
DA:80,2
DA:81,2
DA:82,2
DA:83,1
DA:84,1
DA:85,1
DA:86,1
DA:87,1
DA:88,4
DA:89,4
DA:90,4
DA:91,4
DA:92,4
DA:93,4
DA:94,4
DA:95,4
DA:96,3
DA:97,3
DA:98,3
DA:99,3
DA:100,3
DA:101,4
DA:102,5
DA:103,5
DA:104,1
DA:105,1
DA:106,1
DA:107,1
LF:107
LH:107
BRDA:25,0,0,8
BRDA:28,1,0,7
BRDA:29,2,0,6
BRDA:32,3,0,5
BRDA:34,4,0,3
BRDA:36,5,0,2
BRDA:46,6,0,5
BRDA:52,7,0,2
BRDA:53,8,0,1
BRDA:58,9,0,9
BRDA:61,10,0,8
BRDA:65,11,0,8
BRDA:66,12,0,8
BRDA:69,13,0,7
BRDA:69,14,0,6
BRDA:69,15,0,4
BRDA:74,16,0,1
BRDA:75,17,0,3
BRDA:77,18,0,1
BRDA:78,19,0,2
BRDA:83,20,0,1
BRDA:95,21,0,3
BRDA:101,22,0,5
BRF:23
BRH:23
end_of_record
TN:
SF:src/services/authService.js
FN:25,saveSession
FN:36,extractErrorMessage
FN:58,register
FN:76,login
FN:91,logout
FN:114,getSession
FN:131,getMe
FN:142,changePassword
FNF:8
FNH:8
FNDA:4,saveSession
FNDA:9,extractErrorMessage
FNDA:3,register
FNDA:8,login
FNDA:5,logout
FNDA:3,getSession
FNDA:2,getMe
FNDA:2,changePassword
DA:1,1
DA:2,1
DA:3,1
DA:4,1
DA:5,1
DA:6,1
DA:7,1
DA:8,1
DA:9,1
DA:10,1
DA:11,1
DA:12,1
DA:13,1
DA:14,1
DA:15,1
DA:16,1
DA:17,1
DA:18,1
DA:19,1
DA:20,1
DA:21,1
DA:22,1
DA:23,1
DA:24,1
DA:25,4
DA:26,4
DA:27,4
DA:28,4
DA:29,4
DA:30,1
DA:31,1
DA:32,1
DA:33,1
DA:34,1
DA:35,1
DA:36,9
DA:37,9
DA:38,9
DA:39,8
DA:40,9
DA:41,9
DA:42,5
DA:43,5
DA:44,5
DA:45,9
DA:46,4
DA:47,4
DA:48,4
DA:49,1
DA:50,1
DA:51,1
DA:52,1
DA:53,1
DA:54,1
DA:55,1
DA:56,1
DA:57,1
DA:58,1
DA:59,3
DA:60,3
DA:61,3
DA:62,3
DA:63,3
DA:64,3
DA:65,3
DA:66,3
DA:67,2
DA:68,2
DA:69,3
DA:70,1
DA:71,1
DA:72,3
DA:73,1
DA:74,1
DA:75,1
DA:76,1
DA:77,8
DA:78,8
DA:79,8
DA:80,8
DA:81,8
DA:82,2
DA:83,2
DA:84,8
DA:85,6
DA:86,6
DA:87,8
DA:88,1
DA:89,1
DA:90,1
DA:91,1
DA:92,5
DA:93,5
DA:94,5
DA:95,4
DA:96,4
DA:97,3
DA:98,3
DA:99,2
DA:100,4
DA:101,5
DA:102,1
DA:103,5
DA:104,5
DA:105,5
DA:106,5
DA:107,1
DA:108,1
DA:109,1
DA:110,1
DA:111,1
DA:112,1
DA:113,1
DA:114,1
DA:115,3
DA:116,3
DA:117,2
DA:118,2
DA:119,2
DA:120,2
DA:121,3
DA:122,1
DA:123,1
DA:124,1
DA:125,1
DA:126,1
DA:127,1
DA:128,1
DA:129,1
DA:130,1
DA:131,1
DA:132,2
DA:133,2
DA:134,1
DA:135,1
DA:136,1
DA:137,1
DA:138,2
DA:139,1
DA:140,1
DA:141,1
DA:142,1
DA:143,2
DA:144,2
DA:145,2
DA:146,2
DA:147,2
DA:148,1
DA:149,1
DA:150,1
DA:151,2
LF:151
LH:151
BRDA:25,0,0,4
BRDA:36,1,0,9
BRDA:37,2,0,8
BRDA:38,3,0,1
BRDA:38,4,0,0
BRDA:39,5,0,8
BRDA:40,6,0,1
BRDA:41,7,0,7
BRDA:41,8,0,2
BRDA:42,9,0,5
BRDA:45,10,0,4
BRDA:47,11,0,3
BRDA:47,12,0,1
BRDA:48,13,0,1
BRDA:58,14,0,3
BRDA:63,15,0,2
BRDA:63,16,0,1
BRDA:64,17,0,2
BRDA:64,18,0,1
BRDA:65,19,0,2
BRDA:65,20,0,1
BRDA:67,21,0,2
BRDA:69,22,0,1
BRDA:76,23,0,8
BRDA:82,24,0,2
BRDA:84,25,0,6
BRDA:91,26,0,5
BRDA:94,27,0,4
BRDA:96,28,0,3
BRDA:99,29,0,2
BRDA:101,30,0,1
BRDA:114,31,0,3
BRDA:116,32,0,1
BRDA:117,33,0,2
BRDA:121,34,0,1
BRDA:121,35,0,1
BRDA:131,36,0,2
BRDA:134,37,0,1
BRDA:142,38,0,2
BRDA:148,39,0,1
BRF:40
BRH:39
end_of_record
TN:
SF:src/services/dataService.js
FN:14,findBy
FN:23,getPackages
FN:30,getPackageByCode
FN:38,getAllRequests
FN:44,getRequestsByClientId
FN:49,getRequestByReference
FN:55,createRequest
FN:66,updateRequest
FN:78,archiveRequest
FN:86,addRequestHistory
FN:92,getReportByReference
FN:104,generateReport
FN:118,getReportDownloadUrl
FN:124,getTrainingModules
FN:134,updateModuleStatus
FN:142,getNotificationsByUserId
FN:158,generateReportFromFindings
FNF:17
FNH:17
FNDA:21,findBy
FNDA:5,getPackages
FNDA:4,getPackageByCode
FNDA:20,getAllRequests
FNDA:1,getRequestsByClientId
FNDA:17,getRequestByReference
FNDA:2,createRequest
FNDA:2,updateRequest
FNDA:2,archiveRequest
FNDA:1,addRequestHistory
FNDA:4,getReportByReference
FNDA:3,generateReport
FNDA:1,getReportDownloadUrl
FNDA:3,getTrainingModules
FNDA:2,updateModuleStatus
FNDA:1,getNotificationsByUserId
FNDA:3,generateReportFromFindings
DA:1,1
DA:2,1
DA:3,1
DA:4,1
DA:5,1
DA:6,1
DA:7,1
DA:8,1
DA:9,1
DA:10,1
DA:11,1
DA:12,1
DA:13,1
DA:14,21
DA:15,21
DA:16,21
DA:17,1
DA:18,1
DA:19,1
DA:20,1
DA:21,1
DA:22,1
DA:23,1
DA:24,5
DA:25,1
DA:26,1
DA:27,1
DA:28,1
DA:29,1
DA:30,1
DA:31,4
DA:32,4
DA:33,4
DA:34,1
DA:35,1
DA:36,1
DA:37,1
DA:38,1
DA:39,20
DA:40,20
DA:41,20
DA:42,1
DA:43,1
DA:44,1
DA:45,1
DA:46,1
DA:47,1
DA:48,1
DA:49,1
DA:50,17
DA:51,17
DA:52,17
DA:53,1
DA:54,1
DA:55,1
DA:56,2
DA:57,2
DA:58,1
DA:59,1
DA:60,2
DA:61,2
DA:62,1
DA:63,1
DA:64,1
DA:65,1
DA:66,1
DA:67,2
DA:68,2
DA:69,1
DA:70,1
DA:71,1
DA:72,1
DA:73,1
DA:74,1
DA:75,1
DA:76,1
DA:77,1
DA:78,1
DA:79,2
DA:80,2
DA:81,1
DA:82,1
DA:83,1
DA:84,1
DA:85,1
DA:86,1
DA:87,1
DA:88,1
DA:89,1
DA:90,1
DA:91,1
DA:92,1
DA:93,4
DA:94,4
DA:95,3
DA:96,3
DA:97,1
DA:98,4
DA:99,2
DA:100,1
DA:101,1
DA:102,4
DA:103,1
DA:104,1
DA:105,3
DA:106,3
DA:107,2
DA:108,3
DA:109,3
DA:110,3
DA:111,3
DA:112,3
DA:113,3
DA:114,2
DA:115,2
DA:116,1
DA:117,1
DA:118,1
DA:119,1
DA:120,1
DA:121,1
DA:122,1
DA:123,1
DA:124,1
DA:125,3
DA:126,3
DA:127,4
DA:128,4
DA:129,4
DA:130,4
DA:131,3
DA:132,3
DA:133,1
DA:134,1
DA:135,2
DA:136,2
DA:137,2
DA:138,2
DA:139,1
DA:140,1
DA:141,1
DA:142,1
DA:143,1
DA:144,1
DA:145,1
DA:146,1
DA:147,1
DA:148,1
DA:149,1
DA:150,1
DA:151,1
DA:152,1
DA:153,1
DA:154,1
DA:155,1
DA:156,1
DA:157,1
DA:158,1
DA:159,3
DA:160,3
DA:161,2
DA:162,3
DA:163,3
DA:164,3
DA:165,3
DA:166,2
DA:167,2
LF:167
LH:167
BRDA:14,0,0,21
BRDA:15,1,0,8
BRDA:15,2,0,30
BRDA:23,3,0,5
BRDA:24,4,0,4
BRDA:25,5,0,1
BRDA:30,6,0,4
BRDA:38,7,0,20
BRDA:40,8,0,19
BRDA:40,9,0,1
BRDA:40,10,0,0
BRDA:44,11,0,1
BRDA:49,12,0,17
BRDA:55,13,0,2
BRDA:57,14,0,1
BRDA:60,15,0,0
BRDA:62,16,0,1
BRDA:66,17,0,2
BRDA:68,18,0,1
BRDA:78,19,0,2
BRDA:80,20,0,1
BRDA:86,21,0,1
BRDA:92,22,0,4
BRDA:94,23,0,1
BRDA:95,24,0,3
BRDA:97,25,0,1
BRDA:98,26,0,2
BRDA:99,27,0,1
BRDA:104,28,0,3
BRDA:106,29,0,1
BRDA:107,30,0,2
BRDA:108,31,0,1
BRDA:109,32,0,1
BRDA:110,33,0,1
BRDA:111,34,0,1
BRDA:112,35,0,1
BRDA:114,36,0,2
BRDA:118,37,0,1
BRDA:124,38,0,3
BRDA:126,39,0,4
BRDA:130,40,0,3
BRDA:134,41,0,2
BRDA:135,42,0,1
BRDA:135,43,0,1
BRDA:142,44,0,1
BRDA:144,45,0,1
BRDA:158,46,0,3
BRDA:160,47,0,1
BRDA:161,48,0,2
BRDA:162,49,0,1
BRDA:163,50,0,1
BRDA:164,51,0,1
BRDA:164,52,0,1
BRDA:166,53,0,2
BRF:54
BRH:52
end_of_record
TN:
SF:src/services/emailService.js
FN:22,sendAuditConfirmation
FN:88,sendStatusNotification
FNF:2
FNH:2
FNDA:3,sendAuditConfirmation
FNDA:3,sendStatusNotification
DA:1,1
DA:2,1
DA:3,1
DA:4,1
DA:5,1
DA:6,1
DA:7,1
DA:8,1
DA:9,1
DA:10,1
DA:11,1
DA:12,1
DA:13,1
DA:14,1
DA:15,1
DA:16,1
DA:17,1
DA:18,1
DA:19,1
DA:20,1
DA:21,1
DA:22,1
DA:23,3
DA:24,3
DA:25,3
DA:26,3
DA:27,3
DA:28,3
DA:29,3
DA:30,3
DA:31,3
DA:32,3
DA:33,3
DA:34,3
DA:35,3
DA:36,3
DA:37,3
DA:38,3
DA:39,3
DA:40,1
DA:41,1
DA:42,1
DA:43,1
DA:44,1
DA:45,2
DA:46,2
DA:47,2
DA:48,2
DA:49,2
DA:50,2
DA:51,2
DA:52,2
DA:53,2
DA:54,2
DA:55,2
DA:56,2
DA:57,2
DA:58,2
DA:59,2
DA:60,2
DA:61,2
DA:62,2
DA:63,2
DA:64,2
DA:65,2
DA:66,2
DA:67,2
DA:68,3
DA:69,3
DA:70,3
DA:71,3
DA:72,3
DA:73,3
DA:74,1
DA:75,1
DA:76,1
DA:77,1
DA:78,1
DA:79,1
DA:80,1
DA:81,1
DA:82,1
DA:83,1
DA:84,1
DA:85,1
DA:86,1
DA:87,1
DA:88,1
DA:89,3
DA:90,3
DA:91,3
DA:92,3
DA:93,3
DA:94,3
DA:95,3
DA:96,3
DA:97,3
DA:98,3
DA:99,3
DA:100,3
DA:101,1
DA:102,1
DA:103,1
DA:104,1
DA:105,1
DA:106,2
DA:107,2
DA:108,2
DA:109,2
DA:110,2
DA:111,2
DA:112,2
DA:113,2
DA:114,2
DA:115,2
DA:116,2
DA:117,2
DA:118,2
DA:119,2
LF:119
LH:119
BRDA:22,0,0,3
BRDA:39,1,0,2
BRDA:39,2,0,2
BRDA:39,3,0,1
BRDA:44,4,0,2
BRDA:68,5,0,1
BRDA:74,6,0,1
BRDA:88,7,0,3
BRDA:100,8,0,2
BRDA:100,9,0,2
BRDA:100,10,0,1
BRDA:105,11,0,2
BRF:12
BRH:12
end_of_record
TN:
SF:src/utils/sanitize.js
FN:13,sanitize
FNF:1
FNH:1
FNDA:237,sanitize
DA:1,1
DA:2,1
DA:3,1
DA:4,1
DA:5,1
DA:6,1
DA:7,1
DA:8,1
DA:9,1
DA:10,1
DA:11,1
DA:12,1
DA:13,1
DA:14,237
DA:15,235
DA:16,235
DA:17,235
DA:18,235
DA:19,235
LF:19
LH:19
BRDA:13,0,0,237
BRDA:14,1,0,2
BRDA:15,2,0,235
BRF:3
BRH:3
end_of_record
TN:
SF:src/utils/validators.js
FN:26,isRequired
FN:34,isWithinMaxLength
FN:45,isEmailValid
FN:58,isPasswordStrong
FN:80,validateRegisterForm
FN:123,validateLoginForm
FNF:6
FNH:6
FNDA:94,isRequired
FNDA:48,isWithinMaxLength
FNDA:18,isEmailValid
FNDA:14,isPasswordStrong
FNDA:10,validateRegisterForm
FNDA:8,validateLoginForm
DA:1,1
DA:2,1
DA:3,1
DA:4,1
DA:5,1
DA:6,1
DA:7,1
DA:8,1
DA:9,1
DA:10,1
DA:11,1
DA:12,1
DA:13,1
DA:14,1
DA:15,1
DA:16,1
DA:17,1
DA:18,1
DA:19,1
DA:20,1
DA:21,1
DA:22,1
DA:23,1
DA:24,1
DA:25,1
DA:26,1
DA:27,94
DA:28,94
DA:29,94
DA:30,1
DA:31,1
DA:32,1
DA:33,1
DA:34,1
DA:35,48
DA:36,48
DA:37,48
DA:38,48
DA:39,48
DA:40,48
DA:41,1
DA:42,1
DA:43,1
DA:44,1
DA:45,1
DA:46,18
DA:47,18
DA:48,18
DA:49,18
DA:50,18
DA:51,18
DA:52,18
DA:53,18
DA:54,1
DA:55,1
DA:56,1
DA:57,1
DA:58,1
DA:59,14
DA:60,14
DA:61,14
DA:62,14
DA:63,12
DA:64,12
DA:65,12
DA:66,12
DA:67,12
DA:68,12
DA:69,12
DA:70,12
DA:71,12
DA:72,14
DA:73,14
DA:74,1
DA:75,1
DA:76,1
DA:77,1
DA:78,1
DA:79,1
DA:80,1
DA:81,10
DA:82,10
DA:83,10
DA:84,10
DA:85,10
DA:86,10
DA:87,10
DA:88,10
DA:89,30
DA:90,30
DA:91,6
DA:92,6
DA:93,30
DA:94,1
DA:95,1
DA:96,10
DA:97,10
DA:98,10
DA:99,10
DA:100,1
DA:101,10
DA:102,1
DA:103,9
DA:104,1
DA:105,1
DA:106,10
DA:107,10
DA:108,10
DA:109,1
DA:110,10
DA:111,1
DA:112,1
DA:113,1
DA:114,10
DA:115,10
DA:116,10
DA:117,10
DA:118,1
DA:119,1
DA:120,1
DA:121,1
DA:122,1
DA:123,1
DA:124,8
DA:125,8
DA:126,8
DA:127,8
DA:128,8
DA:129,2
DA:130,8
DA:131,1
DA:132,1
DA:133,8
DA:134,8
DA:135,8
DA:136,2
DA:137,2
DA:138,8
DA:139,8
DA:140,8
DA:141,8
LF:141
LH:141
BRDA:26,0,0,94
BRDA:28,1,0,93
BRDA:34,2,0,48
BRDA:37,3,0,0
BRDA:45,4,0,18
BRDA:47,5,0,0
BRDA:58,6,0,14
BRDA:60,7,0,0
BRDA:62,8,0,2
BRDA:63,9,0,12
BRDA:72,10,0,11
BRDA:72,11,0,10
BRDA:80,12,0,10
BRDA:99,13,0,1
BRDA:101,14,0,9
BRDA:101,15,0,1
BRDA:103,16,0,8
BRDA:103,17,0,1
BRDA:108,18,0,1
BRDA:110,19,0,9
BRDA:110,20,0,1
BRDA:88,21,0,30
BRDA:90,22,0,6
BRDA:93,23,0,24
BRDA:93,24,0,1
BRDA:123,25,0,8
BRDA:128,26,0,2
BRDA:130,27,0,6
BRDA:130,28,0,1
BRDA:135,29,0,2
BRF:30
BRH:27
end_of_record
